<?xml version="1.0" encoding="UTF-8"?>
<!-- Generated by org.testng.reporters.JUnitXMLReporter -->
<testsuite hostname="LAPTOP-UV2GNGO3" ignored="0" name="Test" tests="4" failures="1" timestamp="26 Aug 2018 05:57:22 GMT" time="87.67" errors="0">
  <testcase name="instagramtest" time="7.319" classname="testScripts.Test2"/>
  <testcase name="twittertest" time="10.503" classname="testScripts.Test3"/>
  <testcase name="facebookTest" time="8.435" classname="testScripts.Test1"/>
  <testcase name="linkedin" time="25.635" classname="testScripts.Test4">
    <failure type="java.lang.AssertionError" message="expected [Sign Up | LinkedIn] but found [LinkedIn: Log In or Sign Up]">
      <![CDATA[java.lang.AssertionError: expected [Sign Up | LinkedIn] but found [LinkedIn: Log In or Sign Up]
at testScripts.Test4.linkedin(Test4.java:23)
... Removed 31 stack frames]]>
    </failure>
  </testcase> <!-- linkedin -->
</testsuite> <!-- Test -->
